<?xml version="1.0" encoding="UTF-8"?>
<!-- Generated by org.testng.reporters.JUnitReportReporter -->
<testsuite hostname="DESKTOP-EVK9GMC" failures="0" tests="1" name="testNg.Testcase2" time="17.421" errors="0" timestamp="2021-02-10T07:13:50 IST" skipped="0">
  <testcase classname="testNg.Testcase2" name="login" time="17.421"/>
</testsuite> <!-- testNg.Testcase2 -->
