<?xml version="1.0" encoding="UTF-8"?>
<!-- Generated by org.testng.reporters.JUnitReportReporter -->
<testsuite hostname="DESKTOP-EVK9GMC" failures="0" tests="5" name="testNg.whatsup" time="0.046" errors="0" timestamp="2021-02-09T07:30:00 IST" skipped="1">
  <testcase classname="testNg.whatsup" name="chats" time="0.035"/>
  <testcase classname="testNg.whatsup" name="chats" time="0.004"/>
  <testcase classname="testNg.whatsup" name="chats" time="0.005"/>
  <testcase classname="testNg.whatsup" name="settings" time="0.002"/>
  <testcase classname="testNg.whatsup" name="calls">
    <skipped/>
  </testcase> <!-- calls -->
</testsuite> <!-- testNg.whatsup -->
