<?xml version="1.0" encoding="UTF-8"?>
<!-- Generated by org.testng.reporters.JUnitReportReporter -->
<testsuite hostname="DESKTOP-EVK9GMC" failures="0" tests="1" name="testNg.Testcase1" time="38.400" errors="0" timestamp="2021-02-10T07:10:17 IST" skipped="0">
  <testcase classname="testNg.Testcase1" name="login" time="38.400"/>
</testsuite> <!-- testNg.Testcase1 -->
