<?xml version="1.0" encoding="UTF-8"?>
<!-- Generated by org.testng.reporters.JUnitReportReporter -->
<testsuite hostname="DESKTOP-EVK9GMC" failures="0" tests="1" name="testNg.Testcase3" time="13.218" errors="0" timestamp="2021-02-10T07:10:17 IST" skipped="0">
  <testcase classname="testNg.Testcase3" name="login" time="13.218"/>
</testsuite> <!-- testNg.Testcase3 -->
